SF:lib/src/modules/account/models/city_model.dart
DA:6,7
DA:12,0
DA:13,0
DA:15,0
DA:16,0
DA:21,5
DA:22,5
DA:23,5
DA:24,5
DA:26,20
DA:27,12
DA:32,2
DA:33,2
DA:34,4
DA:35,4
LF:15
LH:11
end_of_record
SF:lib/src/modules/account/models/user_model.dart
DA:14,5
DA:24,0
DA:25,0
DA:27,0
DA:28,0
DA:29,0
DA:30,0
DA:32,0
DA:33,0
DA:35,0
DA:36,0
DA:38,0
DA:39,0
DA:45,0
DA:46,0
DA:47,0
DA:48,0
DA:49,0
DA:50,0
DA:51,0
DA:56,0
DA:57,0
DA:58,0
DA:59,0
DA:60,0
DA:62,0
DA:63,0
DA:69,3
DA:70,3
DA:71,3
DA:72,3
DA:73,3
DA:74,3
DA:75,3
DA:76,3
DA:77,6
LF:36
LH:10
end_of_record
SF:lib/src/modules/animal/models/animal_model.dart
DA:22,5
DA:33,10
DA:36,2
DA:37,18
DA:39,8
DA:41,1
DA:42,1
DA:44,3
DA:45,3
DA:46,3
DA:47,3
DA:48,4
DA:53,1
DA:54,1
DA:55,1
DA:58,1
DA:59,1
DA:60,1
DA:61,1
DA:62,2
DA:63,1
DA:64,1
DA:65,1
DA:66,1
DA:67,2
DA:68,1
DA:71,1
DA:72,2
DA:73,4
DA:76,1
DA:77,2
DA:78,4
DA:84,1
DA:85,1
DA:86,2
DA:87,2
LF:36
LH:36
end_of_record
SF:lib/src/modules/animal/models/animal_type_model.dart
DA:7,6
DA:12,1
DA:13,1
DA:14,1
DA:15,1
DA:19,1
DA:20,1
DA:21,2
DA:22,2
LF:9
LH:9
end_of_record
SF:lib/src/modules/animal/models/adoption_request_model.dart
DA:11,3
DA:18,2
DA:20,2
DA:22,2
DA:23,18
DA:25,8
DA:27,0
DA:33,0
DA:34,0
DA:35,0
DA:36,0
DA:37,0
DA:41,1
DA:42,1
DA:43,1
DA:44,1
DA:45,1
DA:46,2
DA:47,0
DA:48,2
DA:52,1
DA:53,1
DA:54,2
DA:55,2
LF:24
LH:17
end_of_record
SF:lib/src/modules/animal/models/animal_photo_model.dart
DA:5,3
DA:10,0
DA:11,0
DA:13,0
DA:14,0
DA:19,1
DA:20,1
DA:21,1
DA:22,1
LF:9
LH:5
end_of_record
SF:lib/src/modules/animal/models/vaccine_book_model.dart
DA:8,5
DA:13,9
DA:16,1
DA:17,1
DA:18,3
DA:19,3
DA:20,3
DA:24,2
DA:25,2
DA:26,2
DA:27,2
DA:28,4
DA:32,0
DA:33,0
DA:34,0
DA:35,0
DA:40,0
DA:41,0
DA:43,0
LF:19
LH:12
end_of_record
SF:lib/src/modules/animal/repositories/animal_request_repository.dart
DA:14,1
DA:20,1
DA:23,2
DA:24,3
DA:25,3
DA:27,4
DA:28,2
DA:31,0
DA:33,0
DA:34,0
DA:35,0
DA:36,0
DA:43,1
DA:47,3
DA:48,3
DA:49,4
DA:51,4
DA:53,0
DA:55,0
DA:56,0
DA:57,0
DA:58,0
DA:65,1
DA:69,3
DA:70,3
DA:71,4
DA:72,4
DA:74,0
DA:76,0
DA:77,0
DA:78,0
DA:79,0
DA:86,1
DA:90,3
DA:91,3
DA:92,3
DA:94,4
DA:96,0
DA:98,0
DA:99,0
DA:100,0
DA:101,0
LF:42
LH:22
end_of_record
SF:lib/src/shares/exceptions/http_response_exception.dart
DA:5,0
LF:1
LH:0
end_of_record
SF:lib/src/shares/models/http_response_model.dart
DA:6,6
LF:1
LH:1
end_of_record
SF:lib/src/modules/account/models/state_model.dart
DA:8,1
DA:13,0
DA:14,0
DA:16,0
DA:17,0
DA:22,1
DA:23,1
DA:24,1
DA:25,1
DA:27,3
DA:31,1
DA:32,1
DA:33,2
DA:34,2
LF:14
LH:10
end_of_record
SF:lib/src/modules/account/models/auth_token_model.dart
DA:5,0
DA:10,2
DA:11,4
DA:12,4
LF:4
LH:3
end_of_record
SF:lib/src/modules/account/repositories/user_repository.dart
DA:16,1
DA:21,1
DA:23,3
DA:24,3
DA:25,4
DA:26,2
DA:29,0
DA:31,0
DA:32,0
DA:33,0
DA:34,0
DA:41,1
DA:43,4
DA:47,4
DA:48,2
DA:51,0
DA:53,0
DA:54,0
DA:55,0
DA:56,0
DA:63,0
DA:65,0
DA:66,0
DA:67,0
DA:69,0
DA:71,0
DA:72,0
DA:73,0
DA:74,0
DA:81,0
DA:83,0
DA:84,0
DA:85,0
DA:87,0
DA:89,0
DA:90,0
DA:91,0
DA:92,0
DA:99,0
DA:101,0
DA:103,0
DA:104,0
DA:106,0
DA:108,0
DA:109,0
DA:110,0
DA:111,0
DA:117,0
DA:119,0
DA:123,0
DA:125,0
DA:127,0
DA:128,0
DA:134,0
DA:135,0
DA:137,0
DA:138,0
DA:139,0
DA:140,0
DA:146,0
DA:147,0
DA:148,0
LF:62
LH:10
end_of_record
SF:lib/src/modules/animal/repositories/animal_type_repository.dart
DA:13,1
DA:18,1
DA:20,3
DA:22,3
DA:24,4
DA:25,2
DA:28,0
DA:30,0
DA:31,0
DA:32,0
DA:33,0
LF:11
LH:6
end_of_record
SF:lib/src/modules/animal/repositories/animal_vaccine_repository.dart
DA:14,1
DA:20,1
DA:23,3
DA:26,4
DA:28,4
DA:29,2
DA:32,0
DA:34,0
DA:35,0
DA:36,0
DA:37,0
DA:44,0
DA:45,0
DA:49,1
DA:50,2
DA:51,3
DA:53,3
DA:55,4
DA:57,0
DA:59,0
DA:60,0
DA:61,0
DA:62,0
LF:23
LH:11
end_of_record
SF:lib/src/modules/animal/repositories/animal_repository.dart
DA:13,1
DA:18,1
DA:20,3
DA:22,3
DA:24,4
DA:25,2
DA:28,0
DA:30,0
DA:31,0
DA:32,0
DA:33,0
DA:40,1
DA:42,3
DA:44,4
DA:46,4
DA:47,2
DA:50,0
DA:52,0
DA:53,0
DA:54,0
DA:55,0
DA:62,1
DA:63,2
DA:64,3
DA:66,4
DA:68,4
DA:70,0
DA:72,0
DA:73,0
DA:74,0
DA:75,0
DA:82,1
DA:83,2
DA:84,3
DA:86,3
DA:88,4
DA:90,0
DA:92,0
DA:93,0
DA:94,0
DA:95,0
DA:102,1
DA:103,2
DA:104,3
DA:106,4
DA:108,4
DA:110,0
DA:112,0
DA:113,0
DA:114,0
DA:115,0
DA:122,1
DA:123,2
DA:124,3
DA:126,4
DA:128,4
DA:130,0
DA:132,0
DA:133,0
DA:134,0
DA:135,0
LF:61
LH:31
end_of_record
